d:\project\taobaoordersimulator\taobaoordersimulator\debug\cdetailwidget.obj
d:\project\taobaoordersimulator\taobaoordersimulator\debug\credpackdlg.obj
d:\project\taobaoordersimulator\taobaoordersimulator\debug\main.obj
d:\project\taobaoordersimulator\taobaoordersimulator\debug\corderwidget.obj
d:\project\taobaoordersimulator\taobaoordersimulator\debug\credpackwidget.obj
d:\project\taobaoordersimulator\taobaoordersimulator\debug\simulatorwindow.obj
d:\project\taobaoordersimulator\taobaoordersimulator\debug\moc_credpackdlg.obj
d:\project\taobaoordersimulator\taobaoordersimulator\debug\moc_credpackwidget.obj
d:\project\taobaoordersimulator\taobaoordersimulator\debug\moc_simulatorwindow.obj
d:\project\taobaoordersimulator\taobaoordersimulator\debug\cpushbutton.obj
d:\project\taobaoordersimulator\taobaoordersimulator\x64\debug\vc143.pdb
d:\project\taobaoordersimulator\taobaoordersimulator\debug\qrc_resource.obj
d:\project\taobaoordersimulator\taobaoordersimulator\debug\moc_cpushbutton.obj
d:\project\taobaoordersimulator\taobaoordersimulator\debug\moc_cdetailwidget.obj
d:\project\taobaoordersimulator\taobaoordersimulator\debug\moc_corderwidget.obj
d:\project\taobaoordersimulator\x64\debug\taobaoordersimulator.exe
d:\project\taobaoordersimulator\x64\debug\taobaoordersimulator.ilk
d:\project\taobaoordersimulator\x64\debug\taobaoordersimulator.pdb
d:\project\taobaoordersimulator\taobaoordersimulator\x64\debug\moc_cpushbutton.cpp
d:\project\taobaoordersimulator\taobaoordersimulator\x64\debug\rcc\qrc_resource.cpp
d:\project\taobaoordersimulator\taobaoordersimulator\x64\debug\moc_simulatorwindow.cpp
d:\project\taobaoordersimulator\taobaoordersimulator\x64\debug\moc_cdetailwidget.cpp
d:\project\taobaoordersimulator\taobaoordersimulator\x64\debug\moc_credpackwidget.cpp
d:\project\taobaoordersimulator\taobaoordersimulator\x64\debug\moc_corderwidget.cpp
d:\project\taobaoordersimulator\taobaoordersimulator\x64\debug\moc_credpackdlg.cpp
d:\project\taobaoordersimulator\\x64\debug\taobaoordersimulator.pdb
d:\project\taobaoordersimulator\\x64\debug\taobaoordersimulator.ilk
d:\project\taobaoordersimulator\taobaoordersimulator\x64\debug\taobaoor.a05b176d.tlog\cl.command.1.tlog
d:\project\taobaoordersimulator\taobaoordersimulator\x64\debug\taobaoor.a05b176d.tlog\cl.read.1.tlog
d:\project\taobaoordersimulator\taobaoordersimulator\x64\debug\taobaoor.a05b176d.tlog\cl.write.1.tlog
d:\project\taobaoordersimulator\taobaoordersimulator\x64\debug\taobaoor.a05b176d.tlog\link.command.1.tlog
d:\project\taobaoordersimulator\taobaoordersimulator\x64\debug\taobaoor.a05b176d.tlog\link.read.1.tlog
d:\project\taobaoordersimulator\taobaoordersimulator\x64\debug\taobaoor.a05b176d.tlog\link.write.1.tlog
d:\project\taobaoordersimulator\taobaoordersimulator\x64\debug\taobaoor.a05b176d.tlog\moc.read.1u.tlog
d:\project\taobaoordersimulator\taobaoordersimulator\x64\debug\taobaoor.a05b176d.tlog\moc.write.1u.tlog
d:\project\taobaoordersimulator\taobaoordersimulator\x64\debug\taobaoor.a05b176d.tlog\rcc.read.1u.tlog
d:\project\taobaoordersimulator\taobaoordersimulator\x64\debug\taobaoor.a05b176d.tlog\rcc.write.1u.tlog
d:\project\taobaoordersimulator\taobaoordersimulator\x64\debug\taobaoor.a05b176d.tlog\taobaoordersimulator.write.1u.tlog
